TN:
SF:/home/mariocaster/tmp/krakenx/index.js
FN:31,(anonymous_1)
FN:53,configPassport
FN:65,(anonymous_3)
FNF:3
FNH:3
FNDA:1,(anonymous_1)
FNDA:1,configPassport
FNDA:1,(anonymous_3)
DA:18,1
DA:19,1
DA:20,1
DA:21,1
DA:22,1
DA:24,1
DA:30,1
DA:37,1
DA:43,1
DA:48,1
DA:49,1
DA:51,1
DA:53,1
DA:55,1
DA:56,1
DA:57,1
DA:58,1
DA:59,1
DA:60,1
DA:63,1
DA:65,1
DA:66,1
DA:67,1
LF:23
LH:23
BRF:0
BRH:0
end_of_record
TN:
SF:/home/mariocaster/tmp/krakenx/config/credentials/google.js
FN:6,(anonymous_1)
FN:9,(anonymous_2)
FN:14,(anonymous_3)
FN:15,(anonymous_4)
FN:32,(anonymous_5)
FNF:5
FNH:1
FNDA:1,(anonymous_1)
FNDA:0,(anonymous_2)
FNDA:0,(anonymous_3)
FNDA:0,(anonymous_4)
FNDA:0,(anonymous_5)
DA:1,1
DA:6,1
DA:9,1
DA:10,0
DA:14,1
DA:15,0
DA:16,0
DA:23,1
DA:34,0
DA:35,0
DA:36,0
DA:39,0
DA:52,0
LF:13
LH:5
BRDA:45,1,0,0
BRDA:45,1,1,0
BRF:2
BRH:0
end_of_record
TN:
SF:/home/mariocaster/tmp/krakenx/controllers/user/models/UserSchema.js
FN:16,(anonymous_1)
FN:23,(anonymous_2)
FN:106,(anonymous_3)
FN:118,(anonymous_4)
FN:133,(anonymous_5)
FN:144,(anonymous_6)
FN:151,(anonymous_7)
FN:157,(anonymous_8)
FN:175,(anonymous_9)
FN:176,(anonymous_10)
FN:207,isLoggedIn
FN:223,injectUser
FN:224,injectUser
FN:243,(anonymous_14)
FN:272,(anonymous_15)
FN:282,(anonymous_16)
FN:295,(anonymous_17)
FN:324,(anonymous_18)
FNF:18
FNH:2
FNDA:0,(anonymous_1)
FNDA:0,(anonymous_2)
FNDA:0,(anonymous_3)
FNDA:0,(anonymous_4)
FNDA:0,(anonymous_5)
FNDA:0,(anonymous_6)
FNDA:0,(anonymous_7)
FNDA:0,(anonymous_8)
FNDA:0,(anonymous_9)
FNDA:0,(anonymous_10)
FNDA:0,isLoggedIn
FNDA:2,injectUser
FNDA:1,injectUser
FNDA:0,(anonymous_14)
FNDA:0,(anonymous_15)
FNDA:0,(anonymous_16)
FNDA:0,(anonymous_17)
FNDA:0,(anonymous_18)
DA:6,1
DA:16,1
DA:17,0
DA:23,1
DA:24,0
DA:30,1
DA:106,1
DA:107,0
DA:108,0
DA:109,0
DA:112,0
DA:118,1
DA:119,0
DA:120,0
DA:121,0
DA:122,0
DA:123,0
DA:127,0
DA:133,1
DA:134,0
DA:135,0
DA:137,0
DA:144,1
DA:145,0
DA:151,1
DA:152,0
DA:153,0
DA:155,0
DA:158,0
DA:159,0
DA:160,0
DA:162,0
DA:165,0
DA:175,1
DA:176,0
DA:177,0
DA:178,0
DA:182,0
DA:184,0
DA:193,0
DA:197,0
DA:198,0
DA:201,0
DA:207,1
DA:208,0
DA:209,0
DA:212,0
DA:223,1
DA:224,2
DA:226,1
DA:227,0
DA:229,1
DA:233,1
DA:234,1
DA:236,1
DA:238,1
DA:243,1
DA:244,0
DA:246,0
DA:248,0
DA:253,0
DA:254,0
DA:255,0
DA:261,0
DA:262,0
DA:268,0
DA:272,0
DA:273,0
DA:274,0
DA:276,0
DA:277,0
DA:281,0
DA:283,0
DA:295,0
DA:296,0
DA:300,0
DA:306,0
DA:310,0
DA:314,0
DA:315,0
DA:318,0
DA:321,0
DA:324,0
DA:325,0
DA:328,0
LF:85
LH:20
BRDA:17,1,0,0
BRDA:17,1,1,0
BRDA:17,1,2,0
BRDA:24,2,0,0
BRDA:24,2,1,0
BRDA:24,2,2,0
BRDA:107,3,0,0
BRDA:107,3,1,0
BRDA:107,4,0,0
BRDA:107,4,1,0
BRDA:119,5,0,0
BRDA:119,5,1,0
BRDA:119,6,0,0
BRDA:119,6,1,0
BRDA:119,6,2,0
BRDA:121,7,0,0
BRDA:121,7,1,0
BRDA:134,8,0,0
BRDA:134,8,1,0
BRDA:134,9,0,0
BRDA:134,9,1,0
BRDA:153,10,0,0
BRDA:153,10,1,0
BRDA:158,11,0,0
BRDA:158,11,1,0
BRDA:159,12,0,0
BRDA:159,12,1,0
BRDA:162,13,0,0
BRDA:162,13,1,0
BRDA:182,14,0,0
BRDA:182,14,1,0
BRDA:197,15,0,0
BRDA:197,15,1,0
BRDA:208,16,0,0
BRDA:208,16,1,0
BRDA:226,17,0,0
BRDA:226,17,1,1
BRDA:244,18,0,0
BRDA:244,18,1,0
BRDA:273,19,0,0
BRDA:273,19,1,0
BRDA:276,20,0,0
BRDA:276,20,1,0
BRDA:277,21,0,0
BRDA:277,21,1,0
BRDA:278,22,0,0
BRDA:278,22,1,0
BRDA:310,23,0,0
BRDA:310,23,1,0
BRDA:310,24,0,0
BRDA:310,24,1,0
BRDA:310,24,2,0
BRDA:314,25,0,0
BRDA:314,25,1,0
BRF:54
BRH:1
end_of_record
TN:
SF:/home/mariocaster/tmp/krakenx/config/credentials/config.js
FNF:0
FNH:0
DA:1,1
LF:1
LH:1
BRF:0
BRH:0
end_of_record
TN:
SF:/home/mariocaster/tmp/krakenx/routes/strategies/auth.js
FN:8,isAuthenticated
FN:9,(anonymous_2)
FNF:2
FNH:1
FNDA:10,isAuthenticated
FNDA:0,(anonymous_2)
DA:8,1
DA:9,10
DA:10,0
DA:12,0
DA:13,0
DA:15,0
DA:20,1
LF:7
LH:3
BRDA:10,1,0,0
BRDA:10,1,1,0
BRF:2
BRH:0
end_of_record
TN:
SF:/home/mariocaster/tmp/krakenx/config/credentials/facebook.js
FN:5,(anonymous_1)
FN:19,(anonymous_2)
FN:41,generateUsername
FNF:3
FNH:1
FNDA:1,(anonymous_1)
FNDA:0,(anonymous_2)
FNDA:0,generateUsername
DA:1,1
DA:5,1
DA:10,1
DA:21,0
DA:22,0
DA:23,0
DA:26,0
DA:39,0
DA:41,1
DA:42,0
DA:44,0
DA:45,0
DA:46,0
DA:47,0
DA:50,0
LF:15
LH:4
BRDA:30,1,0,0
BRDA:30,1,1,0
BRDA:31,2,0,0
BRDA:31,2,1,0
BRDA:32,3,0,0
BRDA:32,3,1,0
BRDA:44,4,0,0
BRDA:44,4,1,0
BRDA:46,5,0,0
BRDA:46,5,1,0
BRDA:50,6,0,0
BRDA:50,6,1,0
BRF:12
BRH:0
end_of_record
TN:
SF:/home/mariocaster/tmp/krakenx/controllers/api/article/index.js
FN:7,(anonymous_1)
FN:11,(anonymous_2)
FNF:2
FNH:1
FNDA:2,(anonymous_1)
FNDA:0,(anonymous_2)
DA:4,1
DA:7,1
DA:11,2
DA:12,0
LF:4
LH:3
BRF:0
BRH:0
end_of_record
TN:
SF:/home/mariocaster/tmp/krakenx/controllers/article/index.js
FN:7,(anonymous_1)
FN:11,(anonymous_2)
FN:15,(anonymous_3)
FNF:3
FNH:1
FNDA:2,(anonymous_1)
FNDA:0,(anonymous_2)
FNDA:0,(anonymous_3)
DA:3,1
DA:4,1
DA:7,1
DA:9,2
DA:11,2
DA:12,0
DA:15,2
DA:16,0
LF:8
LH:6
BRF:0
BRH:0
end_of_record
TN:
SF:/home/mariocaster/tmp/krakenx/controllers/article/models/article.js
FN:3,ArticlesModel
FNF:1
FNH:1
FNDA:2,ArticlesModel
DA:3,1
DA:4,2
LF:2
LH:2
BRF:0
BRH:0
end_of_record
TN:
SF:/home/mariocaster/tmp/krakenx/controllers/index.js
FN:22,(anonymous_1)
FN:26,(anonymous_2)
FN:30,(anonymous_3)
FN:34,(anonymous_4)
FN:41,(anonymous_5)
FNF:5
FNH:2
FNDA:2,(anonymous_1)
FNDA:1,(anonymous_2)
FNDA:0,(anonymous_3)
FNDA:0,(anonymous_4)
FNDA:0,(anonymous_5)
DA:18,1
DA:22,1
DA:24,2
DA:26,2
DA:27,1
DA:30,2
DA:31,0
DA:34,2
DA:36,0
DA:37,0
DA:41,2
DA:42,0
DA:43,0
DA:52,2
DA:58,2
DA:70,2
DA:76,2
LF:17
LH:12
BRF:0
BRH:0
end_of_record
TN:
SF:/home/mariocaster/tmp/krakenx/models/index.js
FN:18,IndexModel
FNF:1
FNH:1
FNDA:2,IndexModel
DA:18,1
DA:19,2
LF:2
LH:2
BRF:0
BRH:0
end_of_record
TN:
SF:/home/mariocaster/tmp/krakenx/controllers/user/index.js
FN:22,(anonymous_1)
FN:26,(anonymous_2)
FN:30,(anonymous_3)
FNF:3
FNH:1
FNDA:2,(anonymous_1)
FNDA:0,(anonymous_2)
FNDA:0,(anonymous_3)
DA:18,1
DA:19,1
DA:22,1
DA:24,2
DA:26,2
DA:27,0
DA:30,2
DA:31,0
LF:8
LH:6
BRF:0
BRH:0
end_of_record
TN:
SF:/home/mariocaster/tmp/krakenx/controllers/user/models/user.js
FN:3,UserModel
FNF:1
FNH:1
FNDA:2,UserModel
DA:3,1
DA:5,2
LF:2
LH:2
BRF:0
BRH:0
end_of_record
