TN:
SF:/home/mariocaster/tmp/krakenx/lib/utils.js
FN:12,(anonymous_1)
FN:14,(anonymous_2)
FN:18,(anonymous_3)
FN:20,(anonymous_4)
FN:22,(anonymous_5)
FN:41,getViewsPath
FN:44,(anonymous_7)
FN:45,(anonymous_8)
FN:48,(anonymous_9)
FN:51,(anonymous_10)
FN:67,initRoutes
FN:69,(anonymous_12)
FN:76,getFilesInPathSync
FN:79,(anonymous_14)
FN:90,getFilesInPath
FN:91,(anonymous_16)
FNF:16
FNH:6
FNDA:0,(anonymous_1)
FNDA:0,(anonymous_2)
FNDA:0,(anonymous_3)
FNDA:0,(anonymous_4)
FNDA:0,(anonymous_5)
FNDA:0,getViewsPath
FNDA:0,(anonymous_7)
FNDA:0,(anonymous_8)
FNDA:0,(anonymous_9)
FNDA:0,(anonymous_10)
FNDA:1,initRoutes
FNDA:2,(anonymous_12)
FNDA:1,getFilesInPathSync
FNDA:1,(anonymous_14)
FNDA:2,getFilesInPath
FNDA:2,(anonymous_16)
DA:3,1
DA:4,1
DA:5,1
DA:12,1
DA:13,0
DA:14,0
DA:15,0
DA:16,0
DA:17,0
DA:18,0
DA:19,0
DA:20,0
DA:21,0
DA:22,0
DA:23,0
DA:24,0
DA:27,0
DA:28,0
DA:41,1
DA:42,0
DA:44,0
DA:45,0
DA:46,0
DA:49,0
DA:52,0
DA:56,0
DA:57,0
DA:60,0
DA:67,1
DA:68,1
DA:69,1
DA:70,2
DA:73,1
DA:76,1
DA:77,1
DA:79,1
DA:80,1
DA:83,1
DA:84,2
DA:87,1
DA:90,1
DA:91,2
DA:92,2
DA:93,0
DA:95,2
DA:100,1
LF:46
LH:22
BRDA:15,1,0,0
BRDA:15,1,1,0
BRDA:17,2,0,0
BRDA:17,2,1,0
BRDA:21,3,0,0
BRDA:21,3,1,0
BRDA:21,4,0,0
BRDA:21,4,1,0
BRDA:24,5,0,0
BRDA:24,5,1,0
BRDA:28,6,0,0
BRDA:28,6,1,0
BRDA:46,7,0,0
BRDA:46,7,1,0
BRDA:92,8,0,0
BRDA:92,8,1,2
BRF:16
BRH:1
end_of_record
TN:
SF:/home/mariocaster/tmp/krakenx/modules/articles/routes/index.js
FN:6,(anonymous_1)
FN:8,(anonymous_2)
FN:12,(anonymous_3)
FN:16,(anonymous_4)
FNF:4
FNH:1
FNDA:1,(anonymous_1)
FNDA:0,(anonymous_2)
FNDA:0,(anonymous_3)
FNDA:0,(anonymous_4)
DA:3,1
DA:6,1
DA:8,1
DA:9,0
DA:12,1
DA:13,0
DA:16,1
DA:17,0
LF:8
LH:5
BRF:0
BRH:0
end_of_record
TN:
SF:/home/mariocaster/tmp/krakenx/lib/auth.js
FN:8,isAuthenticated
FN:9,(anonymous_2)
FNF:2
FNH:1
FNDA:5,isAuthenticated
FNDA:0,(anonymous_2)
DA:8,1
DA:9,5
DA:10,0
DA:12,0
DA:13,0
DA:15,0
DA:20,1
LF:7
LH:3
BRDA:10,1,0,0
BRDA:10,1,1,0
BRF:2
BRH:0
end_of_record
TN:
SF:/home/mariocaster/tmp/krakenx/modules/user/routes/index.js
FN:21,(anonymous_1)
FN:23,(anonymous_2)
FN:28,(anonymous_3)
FN:33,(anonymous_4)
FN:37,(anonymous_5)
FNF:5
FNH:1
FNDA:1,(anonymous_1)
FNDA:0,(anonymous_2)
FNDA:0,(anonymous_3)
FNDA:0,(anonymous_4)
FNDA:0,(anonymous_5)
DA:18,1
DA:21,1
DA:23,1
DA:24,0
DA:28,1
DA:29,0
DA:30,0
DA:33,1
DA:34,0
DA:37,1
DA:39,0
DA:41,0
DA:51,1
DA:57,1
DA:69,1
DA:75,1
LF:16
LH:10
BRF:0
BRH:0
end_of_record
